{"level":"info","msg":"GET /users/, response 200 OK","time":"2021-01-11T15:12:35+07:00"}
{"level":"info","msg":"POST /signin, response 500 Internal Server Error","time":"2021-01-12T06:23:37+07:00"}
{"level":"info","msg":"POST /signin, response 200 OK","time":"2021-01-12T06:24:30+07:00"}
{"level":"info","msg":"GET /threads/?page=0\u0026username=0\u0026userid=0\u0026pagesize=0, response 0 ","time":"2021-01-12T06:25:04+07:00"}
{"level":"info","msg":"GET /threads/?page=0\u0026username=0\u0026userid=0\u0026pagesize=0, response 0 ","time":"2021-01-12T06:26:31+07:00"}
{"level":"info","msg":"GET /threads/?page=0\u0026username=0\u0026userid=0\u0026pagesize=0, response 0 ","time":"2021-01-12T06:27:23+07:00"}
{"level":"info","msg":"GET /users/, response 200 OK","time":"2021-01-12T06:30:43+07:00"}
{"level":"info","msg":"GET /threads/?page=0\u0026username=0\u0026userid=0\u0026pagesize=0, response 0 ","time":"2021-01-12T06:32:29+07:00"}
{"level":"info","msg":"GET /threads/?page=0\u0026username=0\u0026userid=0\u0026pagesize=0, response 0 ","time":"2021-01-12T06:32:42+07:00"}
{"level":"info","msg":"GET /threads/?page=0\u0026username=0\u0026userid=0\u0026pagesize=0, response 0 ","time":"2021-01-12T06:32:46+07:00"}
{"level":"info","msg":"GET /threads/?page=0\u0026username=0\u0026userid=asdas\u0026pagesize=0, response 0 ","time":"2021-01-12T06:32:53+07:00"}
{"level":"info","msg":"GET /threads/?page=0\u0026username=0\u0026userid=123\u0026pagesize=0, response 0 ","time":"2021-01-12T06:33:05+07:00"}
{"level":"info","msg":"GET /threads/?page=0\u0026username=3\u0026userid=123\u0026pagesize=2, response 0 ","time":"2021-01-12T06:35:32+07:00"}
{"level":"info","msg":"GET /threads/?page=0\u0026username=3\u0026userid=123\u0026pagesize=2, response 0 ","time":"2021-01-12T06:36:35+07:00"}
{"level":"info","msg":"GET /threads/?page=22\u0026username=3\u0026userid=123\u0026pagesize=2, response 0 ","time":"2021-01-12T06:36:45+07:00"}
{"level":"info","msg":"GET /threads/?page=22asd\u0026username=3\u0026userid=123\u0026pagesize=2, response 0 ","time":"2021-01-12T06:36:52+07:00"}
{"level":"info","msg":"GET /threads/?page=22asd\u0026username=3\u0026userid=123\u0026pagesize=2, response 0 ","time":"2021-01-12T06:36:56+07:00"}
{"level":"info","msg":"GET /threads/?page=22asd\u0026username=3\u0026userid=123\u0026pagesize=2, response 0 ","time":"2021-01-12T06:37:00+07:00"}
{"level":"info","msg":"GET /threads/?page=ss22asd\u0026username=3\u0026userid=123\u0026pagesize=2, response 0 ","time":"2021-01-12T06:37:12+07:00"}
{"level":"info","msg":"GET /threads/?username=3s\u0026userid=123\u0026pagesize=2, response 0 ","time":"2021-01-12T06:37:58+07:00"}
{"level":"info","msg":"GET /threads/?username=3s\u0026userid=123s\u0026pagesize=2, response 0 ","time":"2021-01-12T06:38:10+07:00"}
{"level":"info","msg":"GET /threads/?username=3s\u0026userid=123s\u0026pagesize=2, response 0 ","time":"2021-01-12T06:52:48+07:00"}
{"level":"info","msg":"GET /threads/?username=3s\u0026pagesize=2, response 0 ","time":"2021-01-12T06:52:54+07:00"}
{"level":"info","msg":"GET /threads/?username=3s, response 0 ","time":"2021-01-12T06:52:58+07:00"}
{"level":"info","msg":"GET /threads/?username=3s\u0026userid=123s\u0026pagesize=2, response 0 ","time":"2021-01-12T06:55:53+07:00"}
{"level":"info","msg":"GET /threads/?page=ss22asd\u0026userid=123s\u0026pagesize=2, response 0 ","time":"2021-01-12T06:56:05+07:00"}
{"level":"info","msg":"GET /threads/?page=ss22asd\u0026userid=123s\u0026pagesize=2, response 400 Bad Request","time":"2021-01-12T07:03:22+07:00"}
{"level":"info","msg":"GET /threads/?pagesize=2, response 0 ","time":"2021-01-12T07:03:31+07:00"}
{"level":"info","msg":"GET /threads/?pagesize=22, response 0 ","time":"2021-01-12T07:03:46+07:00"}
{"level":"info","msg":"GET /threads/?pagesize=22, response 0 ","time":"2021-01-12T07:04:30+07:00"}
{"level":"info","msg":"GET /threads/?pagesize=222a, response 0 ","time":"2021-01-12T07:04:39+07:00"}
{"level":"info","msg":"GET /threads/?pagesize=222w, response 0 ","time":"2021-01-12T07:04:47+07:00"}
{"level":"info","msg":"GET /threads/?pagesize=w222, response 0 ","time":"2021-01-12T07:04:52+07:00"}
{"level":"info","msg":"GET /threads/?page=ss22asd\u0026pagesize=w222, response 400 Bad Request","time":"2021-01-12T07:05:14+07:00"}
{"level":"info","msg":"GET /threads/?page=ss22asd\u0026pagesize=w222, response 400 Bad Request","time":"2021-01-12T07:08:53+07:00"}
{"level":"info","msg":"GET /threads/, response 0 ","time":"2021-01-12T07:09:03+07:00"}
{"level":"info","msg":"GET /threads/, response 0 ","time":"2021-01-12T07:09:38+07:00"}
{"level":"info","msg":"GET /threads/, response 200 OK","time":"2021-01-12T07:31:38+07:00"}
{"level":"info","msg":"GET /threads/, response 200 OK","time":"2021-01-12T07:36:40+07:00"}
{"level":"info","msg":"GET /threads/?username=naufal, response 404 Not Found","time":"2021-01-12T07:37:35+07:00"}
{"level":"info","msg":"GET /threads/?userid=1, response 200 OK","time":"2021-01-12T07:38:02+07:00"}
{"level":"info","msg":"GET /threads/?username=naufal, response 404 Not Found","time":"2021-01-12T07:38:36+07:00"}
{"level":"info","msg":"GET /threads/?username=naufal, response 200 OK","time":"2021-01-12T07:40:16+07:00"}
